Build started 4/28/2014 12:34:56 PM.
     1>Project "C:\Users\Wendi\Documents\Visual Studio 2012\Projects\multipleTrackingExt\multipleTrackingExt\multipleTrackingExt.vcxproj" on node 2 (Build target(s)).
     1>ClCompile:
         C:\Program Files (x86)\Microsoft Visual Studio 11.0\VC\bin\CL.exe /c /IC:\opencv249\build\include /ZI /nologo /W3 /WX- /Od /Oy- /D WIN32 /D _DEBUG /D _CONSOLE /D _UNICODE /D UNICODE /Gm /EHsc /RTC1 /MDd /GS /fp:precise /Zc:wchar_t /Zc:forScope /Fo"Debug\\" /Fd"Debug\vc110.pdb" /Gd /TP /analyze- /errorReport:prompt multipleTrackingExt.cpp
         multipleTrackingExt.cpp
     1>c:\opencv249\build\include\opencv2\flann\logger.h(66): warning C4996: 'fopen': This function or variable may be unsafe. Consider using fopen_s instead. To disable deprecation, use _CRT_SECURE_NO_WARNINGS. See online help for details.
                 c:\program files (x86)\microsoft visual studio 11.0\vc\include\stdio.h(218) : see declaration of 'fopen'
     1>c:\users\wendi\documents\visual studio 2012\projects\multipletrackingext\multipletrackingext\multipletrackingext.cpp(38): warning C4244: 'initializing' : conversion from 'double' to 'const int', possible loss of data
     1>c:\users\wendi\documents\visual studio 2012\projects\multipletrackingext\multipletrackingext\multipletrackingext.cpp(68): warning C4996: 'sprintf': This function or variable may be unsafe. Consider using sprintf_s instead. To disable deprecation, use _CRT_SECURE_NO_WARNINGS. See online help for details.
                 c:\program files (x86)\microsoft visual studio 11.0\vc\include\stdio.h(357) : see declaration of 'sprintf'
     1>c:\users\wendi\documents\visual studio 2012\projects\multipletrackingext\multipletrackingext\multipletrackingext.cpp(69): warning C4996: 'sprintf': This function or variable may be unsafe. Consider using sprintf_s instead. To disable deprecation, use _CRT_SECURE_NO_WARNINGS. See online help for details.
                 c:\program files (x86)\microsoft visual studio 11.0\vc\include\stdio.h(357) : see declaration of 'sprintf'
     1>c:\users\wendi\documents\visual studio 2012\projects\multipletrackingext\multipletrackingext\multipletrackingext.cpp(70): warning C4996: 'sprintf': This function or variable may be unsafe. Consider using sprintf_s instead. To disable deprecation, use _CRT_SECURE_NO_WARNINGS. See online help for details.
                 c:\program files (x86)\microsoft visual studio 11.0\vc\include\stdio.h(357) : see declaration of 'sprintf'
     1>c:\users\wendi\documents\visual studio 2012\projects\multipletrackingext\multipletrackingext\multipletrackingext.cpp(71): warning C4996: 'sprintf': This function or variable may be unsafe. Consider using sprintf_s instead. To disable deprecation, use _CRT_SECURE_NO_WARNINGS. See online help for details.
                 c:\program files (x86)\microsoft visual studio 11.0\vc\include\stdio.h(357) : see declaration of 'sprintf'
     1>c:\users\wendi\documents\visual studio 2012\projects\multipletrackingext\multipletrackingext\multipletrackingext.cpp(72): warning C4996: 'sprintf': This function or variable may be unsafe. Consider using sprintf_s instead. To disable deprecation, use _CRT_SECURE_NO_WARNINGS. See online help for details.
                 c:\program files (x86)\microsoft visual studio 11.0\vc\include\stdio.h(357) : see declaration of 'sprintf'
     1>c:\users\wendi\documents\visual studio 2012\projects\multipletrackingext\multipletrackingext\multipletrackingext.cpp(73): warning C4996: 'sprintf': This function or variable may be unsafe. Consider using sprintf_s instead. To disable deprecation, use _CRT_SECURE_NO_WARNINGS. See online help for details.
                 c:\program files (x86)\microsoft visual studio 11.0\vc\include\stdio.h(357) : see declaration of 'sprintf'
     1>c:\users\wendi\documents\visual studio 2012\projects\multipletrackingext\multipletrackingext\multipletrackingext.cpp(90): warning C4018: '<' : signed/unsigned mismatch
     1>c:\users\wendi\documents\visual studio 2012\projects\multipletrackingext\multipletrackingext\multipletrackingext.cpp(148): warning C4244: 'argument' : conversion from 'double' to 'int', possible loss of data
     1>c:\users\wendi\documents\visual studio 2012\projects\multipletrackingext\multipletrackingext\multipletrackingext.cpp(149): warning C4244: 'argument' : conversion from 'double' to 'int', possible loss of data
     1>c:\users\wendi\documents\visual studio 2012\projects\multipletrackingext\multipletrackingext\multipletrackingext.cpp(204): warning C4244: 'argument' : conversion from 'double' to 'int', possible loss of data
     1>c:\users\wendi\documents\visual studio 2012\projects\multipletrackingext\multipletrackingext\multipletrackingext.cpp(205): warning C4244: 'argument' : conversion from 'double' to 'int', possible loss of data
       Link:
         C:\Program Files (x86)\Microsoft Visual Studio 11.0\VC\bin\link.exe /ERRORREPORT:PROMPT /OUT:"C:\Users\Wendi\Documents\Visual Studio 2012\Projects\multipleTrackingExt\Debug\multipleTrackingExt.exe" /INCREMENTAL /NOLOGO /LIBPATH:C:\opencv249\build\x86\vc11\lib opencv_core249d.lib opencv_imgproc249d.lib opencv_highgui249d.lib opencv_ml249d.lib opencv_video249d.lib opencv_features2d249d.lib opencv_calib3d249d.lib kernel32.lib user32.lib gdi32.lib winspool.lib comdlg32.lib advapi32.lib shell32.lib ole32.lib oleaut32.lib uuid.lib odbc32.lib odbccp32.lib /MANIFEST /MANIFESTUAC:"level='asInvoker' uiAccess='false'" /manifest:embed /DEBUG /PDB:"C:\Users\Wendi\Documents\Visual Studio 2012\Projects\multipleTrackingExt\Debug\multipleTrackingExt.pdb" /SUBSYSTEM:CONSOLE /TLBID:1 /DYNAMICBASE /NXCOMPAT /IMPLIB:"C:\Users\Wendi\Documents\Visual Studio 2012\Projects\multipleTrackingExt\Debug\multipleTrackingExt.lib" /MACHINE:X86 Debug\multipleTrackingExt.obj
         Debug\Pony.obj
         multipleTrackingExt.vcxproj -> C:\Users\Wendi\Documents\Visual Studio 2012\Projects\multipleTrackingExt\Debug\multipleTrackingExt.exe
     1>Done Building Project "C:\Users\Wendi\Documents\Visual Studio 2012\Projects\multipleTrackingExt\multipleTrackingExt\multipleTrackingExt.vcxproj" (Build target(s)).

Build succeeded.

Time Elapsed 00:00:03.57
