C:\USERS\WENDI\DOCUMENTS\VISUAL STUDIO 2012\PROJECTS\MYNEWOPENCV\MYNEWOPENCV\DEBUG\MAIN.CPP.NATIVECODEANALYSIS.XML
C:\USERS\WENDI\DOCUMENTS\VISUAL STUDIO 2012\PROJECTS\MYNEWOPENCV\MYNEWOPENCV\DEBUG\MAIN.OBJ
C:\USERS\WENDI\DOCUMENTS\VISUAL STUDIO 2012\PROJECTS\MYNEWOPENCV\MYNEWOPENCV\DEBUG\VC110.PDB
C:\USERS\WENDI\DOCUMENTS\VISUAL STUDIO 2012\PROJECTS\MYNEWOPENCV\DEBUG\MYNEWOPENCV.ILK
C:\USERS\WENDI\DOCUMENTS\VISUAL STUDIO 2012\PROJECTS\MYNEWOPENCV\DEBUG\MYNEWOPENCV.EXE
C:\USERS\WENDI\DOCUMENTS\VISUAL STUDIO 2012\PROJECTS\MYNEWOPENCV\DEBUG\MYNEWOPENCV.PDB
C:\Users\Wendi\Documents\Visual Studio 2012\Projects\myNewOpenCV\myNewOpenCV\Debug\main.obj
C:\Users\Wendi\Documents\Visual Studio 2012\Projects\myNewOpenCV\myNewOpenCV\Debug\cl.command.1.tlog
C:\Users\Wendi\Documents\Visual Studio 2012\Projects\myNewOpenCV\myNewOpenCV\Debug\CL.read.1.tlog
C:\Users\Wendi\Documents\Visual Studio 2012\Projects\myNewOpenCV\myNewOpenCV\Debug\CL.write.1.tlog
C:\Users\Wendi\Documents\Visual Studio 2012\Projects\myNewOpenCV\myNewOpenCV\Debug\link-cvtres.read.1.tlog
C:\Users\Wendi\Documents\Visual Studio 2012\Projects\myNewOpenCV\myNewOpenCV\Debug\link-cvtres.write.1.tlog
C:\Users\Wendi\Documents\Visual Studio 2012\Projects\myNewOpenCV\myNewOpenCV\Debug\link-rc.read.1.tlog
C:\Users\Wendi\Documents\Visual Studio 2012\Projects\myNewOpenCV\myNewOpenCV\Debug\link-rc.write.1.tlog
C:\Users\Wendi\Documents\Visual Studio 2012\Projects\myNewOpenCV\myNewOpenCV\Debug\link.command.1.tlog
C:\Users\Wendi\Documents\Visual Studio 2012\Projects\myNewOpenCV\myNewOpenCV\Debug\link.read.1.tlog
C:\Users\Wendi\Documents\Visual Studio 2012\Projects\myNewOpenCV\myNewOpenCV\Debug\link.write.1.tlog
C:\Users\Wendi\Documents\Visual Studio 2012\Projects\myNewOpenCV\myNewOpenCV\Debug\NativeCodeAnalysis.read.1.tlog
C:\Users\Wendi\Documents\Visual Studio 2012\Projects\myNewOpenCV\myNewOpenCV\Debug\vc110.idb
C:\Users\Wendi\Documents\Visual Studio 2012\Projects\myNewOpenCV\myNewOpenCV\Debug\vc110.pdb
C:\Users\Wendi\Documents\Visual Studio 2012\Projects\myNewOpenCV\myNewOpenCV\Debug\main.cpp.nativecodeanalysis.xml
C:\Users\Wendi\Documents\Visual Studio 2012\Projects\myNewOpenCV\myNewOpenCV\Debug\vc.nativecodeanalysis.all.xml
C:\Users\Wendi\Documents\Visual Studio 2012\Projects\myNewOpenCV\Debug\myNewOpenCV.pdb
C:\Users\Wendi\Documents\Visual Studio 2012\Projects\myNewOpenCV\Debug\myNewOpenCV.exe
C:\Users\Wendi\Documents\Visual Studio 2012\Projects\myNewOpenCV\Debug\myNewOpenCV.ilk
C:\Users\Wendi\Documents\Visual Studio 2012\Projects\myNewOpenCV\Debug\myNewOpenCV.exe.lastcodeanalysissucceeded
